D:\CODE\PROJECTLUNA\SOURCE\DEBUG\MAIN.OBJ
D:\CODE\PROJECTLUNA\SOURCE\DEBUG\RENDERER.OBJ
D:\CODE\PROJECTLUNA\SOURCE\DEBUG\TOOLS.OBJ
D:\CODE\PROJECTLUNA\SOURCE\DEBUG\DRAWFONT.OBJ
D:\CODE\PROJECTLUNA\SOURCE\DEBUG\GLSTUFF.OBJ
D:\CODE\PROJECTLUNA\SOURCE\DEBUG\SHADER.OBJ
D:\CODE\PROJECTLUNA\SOURCE\DEBUG\SPRITES.OBJ
D:\CODE\PROJECTLUNA\SOURCE\DEBUG\KEYS.OBJ
D:\CODE\PROJECTLUNA\SOURCE\DEBUG\FREECAM.OBJ
D:\CODE\PROJECTLUNA\SOURCE\DEBUG\TERRAIN.OBJ
D:\CODE\PROJECTLUNA\SOURCE\DEBUG\SHADERTOY.OBJ
D:\CODE\PROJECTLUNA\SOURCE\DEBUG\SHARED.OBJ
D:\CODE\PROJECTLUNA\SOURCE\DEBUG\INIPARSER.OBJ
D:\CODE\PROJECTLUNA\SOURCE\DEBUG\SDLGRAPH.OBJ
D:\CODE\PROJECTLUNA\SOURCE\DEBUG\SETUP.OBJ
D:\CODE\PROJECTLUNA\SOURCE\DEBUG\VC110.PDB
D:\CODE\PROJECTLUNA\SOURCE\DEBUG\LUNA.ILK
D:\CODE\PROJECTLUNA\SOURCE\DEBUG\LUNA.EXE
D:\CODE\PROJECTLUNA\SOURCE\DEBUG\LUNA.PDB
D:\CODE\ProjectLuna\SOURCE\Debug\drawfont.obj
D:\CODE\ProjectLuna\SOURCE\Debug\freecam.obj
D:\CODE\ProjectLuna\SOURCE\Debug\GLstuff.obj
D:\CODE\ProjectLuna\SOURCE\Debug\INIparser.obj
D:\CODE\ProjectLuna\SOURCE\Debug\keys.obj
D:\CODE\ProjectLuna\SOURCE\Debug\main.obj
D:\CODE\ProjectLuna\SOURCE\Debug\renderer.obj
D:\CODE\ProjectLuna\SOURCE\Debug\SDLgraph.obj
D:\CODE\ProjectLuna\SOURCE\Debug\setup.obj
D:\CODE\ProjectLuna\SOURCE\Debug\shader.obj
D:\CODE\ProjectLuna\SOURCE\Debug\shaderToy.obj
D:\CODE\ProjectLuna\SOURCE\Debug\shared.obj
D:\CODE\ProjectLuna\SOURCE\Debug\sprites.obj
D:\CODE\ProjectLuna\SOURCE\Debug\terrain.obj
D:\CODE\ProjectLuna\SOURCE\Debug\tools.obj
D:\CODE\ProjectLuna\SOURCE\Debug\luna.ilk
D:\CODE\ProjectLuna\SOURCE\Debug\cl.command.1.tlog
D:\CODE\ProjectLuna\SOURCE\Debug\CL.read.1.tlog
D:\CODE\ProjectLuna\SOURCE\Debug\CL.write.1.tlog
D:\CODE\ProjectLuna\SOURCE\Debug\link-cvtres.read.1.tlog
D:\CODE\ProjectLuna\SOURCE\Debug\link-cvtres.write.1.tlog
D:\CODE\ProjectLuna\SOURCE\Debug\link-rc.read.1.tlog
D:\CODE\ProjectLuna\SOURCE\Debug\link-rc.write.1.tlog
D:\CODE\ProjectLuna\SOURCE\Debug\link.6588-cvtres.read.1.tlog
D:\CODE\ProjectLuna\SOURCE\Debug\link.6588-cvtres.write.1.tlog
D:\CODE\ProjectLuna\SOURCE\Debug\link.6588-rc.read.1.tlog
D:\CODE\ProjectLuna\SOURCE\Debug\link.6588-rc.write.1.tlog
D:\CODE\ProjectLuna\SOURCE\Debug\link.6588.read.1.tlog
D:\CODE\ProjectLuna\SOURCE\Debug\link.6588.write.1.tlog
D:\CODE\ProjectLuna\SOURCE\Debug\link.6872-cvtres.read.1.tlog
D:\CODE\ProjectLuna\SOURCE\Debug\link.6872-cvtres.write.1.tlog
D:\CODE\ProjectLuna\SOURCE\Debug\link.6872-rc.read.1.tlog
D:\CODE\ProjectLuna\SOURCE\Debug\link.6872-rc.write.1.tlog
D:\CODE\ProjectLuna\SOURCE\Debug\link.6872.read.1.tlog
D:\CODE\ProjectLuna\SOURCE\Debug\link.6872.write.1.tlog
D:\CODE\ProjectLuna\SOURCE\Debug\link.command.1.tlog
D:\CODE\ProjectLuna\SOURCE\Debug\link.read.1.tlog
D:\CODE\ProjectLuna\SOURCE\Debug\link.write.1.tlog
D:\CODE\ProjectLuna\SOURCE\Debug\vc110.idb
D:\CODE\ProjectLuna\SOURCE\Debug\luna.pdb
D:\CODE\ProjectLuna\SOURCE\Debug\vc110.pdb
D:\CODE\ProjectLuna\SOURCE\Debug\luna.exe
